TN:
SF:src/modules/jobs/__test__/mock/HistoryLogRepositoryMock.ts
FN:4,HistoryLogRepositoryMock
FN:7,Object.<anonymous>.HistoryLogRepositoryMock.create
FNF:2
FNH:2
FNDA:3,HistoryLogRepositoryMock
FNDA:22,Object.<anonymous>.HistoryLogRepositoryMock.create
DA:1,1
DA:2,1
DA:3,1
DA:4,3
DA:5,3
DA:6,3
DA:7,3
DA:8,22
DA:9,22
DA:10,22
DA:11,3
DA:12,1
DA:13,1
LF:13
LH:13
BRDA:4,0,0,1
BRDA:4,1,0,3
BRDA:7,2,0,22
BRF:3
BRH:3
end_of_record
TN:
SF:src/modules/jobs/__test__/mock/MessageBrokerMock.ts
FN:6,MessageBrokerMock
FN:41,Object.<anonymous>.MessageBrokerMock.consume
FNF:2
FNH:2
FNDA:3,MessageBrokerMock
FNDA:2,Object.<anonymous>.MessageBrokerMock.consume
DA:1,1
DA:2,1
DA:3,1
DA:4,1
DA:5,1
DA:6,3
DA:7,3
DA:8,3
DA:9,3
DA:10,3
DA:11,3
DA:12,3
DA:13,3
DA:14,3
DA:15,3
DA:16,3
DA:17,3
DA:18,3
DA:19,3
DA:20,3
DA:21,3
DA:22,3
DA:23,3
DA:24,3
DA:25,3
DA:26,3
DA:27,3
DA:28,3
DA:29,3
DA:30,3
DA:31,3
DA:32,3
DA:33,3
DA:34,3
DA:35,3
DA:36,3
DA:37,3
DA:38,3
DA:39,3
DA:40,3
DA:41,3
DA:42,2
DA:43,2
DA:44,2
DA:45,3
DA:46,1
DA:47,1
LF:47
LH:47
BRDA:6,0,0,1
BRDA:6,1,0,3
BRDA:41,2,0,2
BRDA:42,3,0,0
BRF:4
BRH:3
end_of_record
TN:
SF:src/modules/jobs/services/storeMessage.ts
FN:8,StoreMessage
FN:15,Object.<anonymous>.StoreMessage.perform
FNF:2
FNH:2
FNDA:3,StoreMessage
FNDA:3,Object.<anonymous>.StoreMessage.perform
DA:1,1
DA:2,1
DA:3,1
DA:4,1
DA:5,1
DA:6,1
DA:7,1
DA:8,1
DA:9,3
DA:10,3
DA:11,3
DA:12,3
DA:13,3
DA:14,1
DA:15,1
DA:16,3
DA:17,2
DA:18,2
DA:19,22
DA:20,2
DA:21,2
DA:22,3
DA:23,1
DA:24,1
DA:25,1
LF:25
LH:25
BRDA:7,0,0,1
BRDA:8,1,0,3
BRDA:15,2,0,3
BRDA:16,3,0,2
BRDA:16,4,0,2
BRDA:17,5,0,2
BRDA:18,6,0,22
BRDA:18,7,0,22
BRDA:18,8,0,22
BRF:9
BRH:9
end_of_record
TN:
SF:src/shared/config/index.ts
FNF:0
FNH:0
DA:1,1
DA:2,1
DA:3,1
DA:4,1
DA:5,1
DA:6,1
DA:7,1
DA:8,1
DA:9,1
DA:10,1
DA:11,1
DA:12,1
DA:13,1
DA:14,1
DA:15,1
DA:16,1
DA:17,1
DA:18,1
DA:19,1
DA:20,1
DA:21,1
DA:22,1
DA:23,1
DA:24,1
DA:25,1
DA:26,1
DA:27,1
DA:28,1
DA:29,1
DA:30,1
DA:31,1
DA:32,1
DA:33,1
DA:34,1
DA:35,1
DA:36,1
DA:37,1
DA:38,1
DA:39,1
DA:40,1
DA:41,1
DA:42,1
DA:43,1
DA:44,1
LF:44
LH:44
BRF:0
BRH:0
end_of_record
